#
# There is insufficient memory for the Java Runtime Environment to continue.
# Native memory allocation (malloc) failed to allocate 973536 bytes for Chunk::new
# Possible reasons:
#   The system is out of physical RAM or swap space
#   In 32 bit mode, the process size limit was hit
# Possible solutions:
#   Reduce memory load on the system
#   Increase physical memory or swap space
#   Check if swap backing store is full
#   Use 64 bit Java on a 64 bit OS
#   Decrease Java heap size (-Xmx/-Xms)
#   Decrease number of Java threads
#   Decrease Java thread stack sizes (-Xss)
#   Set larger code cache with -XX:ReservedCodeCacheSize=
# This output file may be truncated or incomplete.
#
#  Out of Memory Error (allocation.cpp:390), pid=21272, tid=0x0000000000005ed4
#
# JRE version: OpenJDK Runtime Environment (8.0_152-b06) (build 1.8.0_152-release-1136-b06)
# Java VM: OpenJDK 64-Bit Server VM (25.152-b06 mixed mode windows-amd64 compressed oops)
# Failed to write core dump. Minidumps are not enabled by default on client versions of Windows
#

---------------  T H R E A D  ---------------

Current thread (0x0000000015d9d000):  JavaThread "C2 CompilerThread0" daemon [_thread_in_native, id=24276, stack(0x00000000173f0000,0x00000000174f0000)]

Stack: [0x00000000173f0000,0x00000000174f0000]
[error occurred during error reporting (printing stack bounds), id 0xc0000005]

Native frames: (J=compiled Java code, j=interpreted, Vv=VM code, C=native code)


Current CompileTask:
C2:   4274 1370       4       java.net.URLClassLoader$1::run (5 bytes)


---------------  P R O C E S S  ---------------

Java Threads: ( => current thread )
  0x00000000184ee000 JavaThread "File lock request listener" [_thread_in_native, id=22672, stack(0x000000001b910000,0x000000001ba10000)]
  0x000000001a848800 JavaThread "Cache worker for file hash cache (C:\Users\omarn\.gradle\caches\4.6\fileHashes)" [_thread_blocked, id=26056, stack(0x000000001b810000,0x000000001b910000)]
  0x0000000018e89800 JavaThread "Stdin handler" [_thread_blocked, id=23644, stack(0x000000001a540000,0x000000001a640000)]
  0x0000000018e89000 JavaThread "Asynchronous log dispatcher for DefaultDaemonConnection: socket connection from /127.0.0.1:50055 to /127.0.0.1:50056" [_thread_blocked, id=24780, stack(0x000000001a440000,0x000000001a540000)]
  0x0000000018e86800 JavaThread "Daemon worker" [_thread_in_vm, id=9772, stack(0x000000001a340000,0x000000001a440000)]
  0x0000000018e83800 JavaThread "Cancel handler" [_thread_blocked, id=26312, stack(0x000000001a240000,0x000000001a340000)]
  0x00000000179cb000 JavaThread "Handler for socket connection from /127.0.0.1:50055 to /127.0.0.1:50056" [_thread_in_native, id=26412, stack(0x0000000019f40000,0x000000001a040000)]
  0x00000000179ca000 JavaThread "Daemon" [_thread_blocked, id=12112, stack(0x0000000019e40000,0x0000000019f40000)]
  0x0000000018f3e000 JavaThread "Daemon periodic checks" [_thread_blocked, id=24436, stack(0x0000000019d40000,0x0000000019e40000)]
  0x0000000018f3d000 JavaThread "Incoming local TCP Connector on port 50055" [_thread_in_native, id=26232, stack(0x0000000019b00000,0x0000000019c00000)]
  0x0000000015dfe000 JavaThread "Service Thread" daemon [_thread_blocked, id=3148, stack(0x0000000017af0000,0x0000000017bf0000)]
  0x0000000015dfb800 JavaThread "C1 CompilerThread2" daemon [_thread_blocked, id=20632, stack(0x00000000175f0000,0x00000000176f0000)]
  0x0000000015da0800 JavaThread "C2 CompilerThread1" daemon [_thread_in_native, id=23116, stack(0x00000000174f0000,0x00000000175f0000)]
=>0x0000000015d9d000 JavaThread "C2 CompilerThread0" daemon [_thread_in_native, id=24276, stack(0x00000000173f0000,0x00000000174f0000)]
  0x0000000015d9a800 JavaThread "Attach Listener" daemon [_thread_blocked, id=1168, stack(0x00000000172f0000,0x00000000173f0000)]
  0x0000000015d99000 JavaThread "Signal Dispatcher" daemon [_thread_blocked, id=9516, stack(0x00000000171f0000,0x00000000172f0000)]
  0x0000000015d88800 JavaThread "Finalizer" daemon [_thread_blocked, id=10032, stack(0x0000000017000000,0x0000000017100000)]
  0x0000000002422800 JavaThread "Reference Handler" daemon [_thread_blocked, id=18092, stack(0x0000000016f00000,0x0000000017000000)]
  0x000000000221e800 JavaThread "main" [_thread_blocked, id=24660, stack(0x0000000002230000,0x0000000002330000)]

Other Threads:
  0x0000000015d65800 VMThread [stack: 0x0000000016e00000,0x0000000016f00000] [id=24012]
  0x00000000176f1800 WatcherThread [stack: 0x0000000017bf0000,0x0000000017cf0000] [id=19016]

VM state:not at safepoint (normal execution)

VM Mutex/Monitor currently owned by a thread: None

Heap:
 PSYoungGen      total 38400K, used 6492K [0x00000000e0000000, 0x00000000e2a80000, 0x0000000100000000)
  eden space 33280K, 4% used [0x00000000e0000000,0x00000000e015a4f0,0x00000000e2080000)
  from space 5120K, 99% used [0x00000000e2080000,0x00000000e257ce78,0x00000000e2580000)
  to   space 5120K, 0% used [0x00000000e2580000,0x00000000e2580000,0x00000000e2a80000)
 ParOldGen       total 87552K, used 2102K [0x00000000a0000000, 0x00000000a5580000, 0x00000000e0000000)
  object space 87552K, 2% used [0x00000000a0000000,0x00000000a020d9b0,0x00000000a5580000)
 Metaspace       used 14296K, capacity 14576K, committed 14720K, reserved 1062912K
  class space    used 2003K, capacity 2122K, committed 2176K, reserved 1048576K

Card table byte_map: [0x00000000117f0000,0x0000000011b00000] byte_map_base: 0x00000000112f0000

Marking Bits: (ParMarkBitMap*) 0x000000006d6e5aa0
 Begin Bits: [0x0000000012100000, 0x0000000013900000)
 End Bits:   [0x0000000013900000, 0x0000000015100000)

Polling page: 0x00000000001f0000

CodeCache: size=245760Kb used=4713Kb max_used=4713Kb free=241046Kb
 bounds [0x0000000002430000, 0x00000000028d0000, 0x0000000011430000]
 total_blobs=1740 nmethods=1373 adapters=281
 compilation: enabled

Compilation events (10 events):
Event: 4.105 Thread 0x0000000015d9d000 1370       4       java.net.URLClassLoader$1::run (5 bytes)
Event: 4.106 Thread 0x0000000015da0800 1371   !   4       java.net.URLClassLoader$1::run (63 bytes)
Event: 4.133 Thread 0x0000000015dfb800 1373       3       java.lang.reflect.Constructor::<init> (50 bytes)
Event: 4.133 Thread 0x0000000015dfb800 nmethod 1373 0x00000000028c7890 code [0x00000000028c7a00, 0x00000000028c7d10]
Event: 4.153 Thread 0x0000000015dfb800 1375       3       java.lang.reflect.Field::copy (76 bytes)
Event: 4.153 Thread 0x0000000015dfb800 nmethod 1375 0x00000000028c6f10 code [0x00000000028c70a0, 0x00000000028c73f8]
Event: 4.153 Thread 0x0000000015dfb800 1376       3       java.lang.reflect.Field::<init> (44 bytes)
Event: 4.153 Thread 0x0000000015dfb800 nmethod 1376 0x00000000028c6990 code [0x00000000028c6b00, 0x00000000028c6d90]
Event: 4.158 Thread 0x0000000015dfb800 1377       3       org.gradle.internal.logging.slf4j.OutputEventListenerBackedLogger::isDebugEnabled (8 bytes)
Event: 4.158 Thread 0x0000000015dfb800 nmethod 1377 0x00000000028c99d0 code [0x00000000028c9b60, 0x00000000028ca028]

GC Heap History (6 events):
Event: 1.977 GC heap before
{Heap before GC invocations=1 (full 0):
 PSYoungGen      total 38400K, used 33280K [0x00000000e0000000, 0x00000000e2a80000, 0x0000000100000000)
  eden space 33280K, 100% used [0x00000000e0000000,0x00000000e2080000,0x00000000e2080000)
  from space 5120K, 0% used [0x00000000e2580000,0x00000000e2580000,0x00000000e2a80000)
  to   space 5120K, 0% used [0x00000000e2080000,0x00000000e2080000,0x00000000e2580000)
 ParOldGen       total 87552K, used 0K [0x00000000a0000000, 0x00000000a5580000, 0x00000000e0000000)
  object space 87552K, 0% used [0x00000000a0000000,0x00000000a0000000,0x00000000a5580000)
 Metaspace       used 6643K, capacity 6766K, committed 7040K, reserved 1056768K
  class space    used 807K, capacity 875K, committed 896K, reserved 1048576K
Event: 1.986 GC heap after
Heap after GC invocations=1 (full 0):
 PSYoungGen      total 38400K, used 4141K [0x00000000e0000000, 0x00000000e2a80000, 0x0000000100000000)
  eden space 33280K, 0% used [0x00000000e0000000,0x00000000e0000000,0x00000000e2080000)
  from space 5120K, 80% used [0x00000000e2080000,0x00000000e248b408,0x00000000e2580000)
  to   space 5120K, 0% used [0x00000000e2580000,0x00000000e2580000,0x00000000e2a80000)
 ParOldGen       total 87552K, used 8K [0x00000000a0000000, 0x00000000a5580000, 0x00000000e0000000)
  object space 87552K, 0% used [0x00000000a0000000,0x00000000a0002000,0x00000000a5580000)
 Metaspace       used 6643K, capacity 6766K, committed 7040K, reserved 1056768K
  class space    used 807K, capacity 875K, committed 896K, reserved 1048576K
}
Event: 3.592 GC heap before
{Heap before GC invocations=2 (full 0):
 PSYoungGen      total 38400K, used 37421K [0x00000000e0000000, 0x00000000e2a80000, 0x0000000100000000)
  eden space 33280K, 100% used [0x00000000e0000000,0x00000000e2080000,0x00000000e2080000)
  from space 5120K, 80% used [0x00000000e2080000,0x00000000e248b408,0x00000000e2580000)
  to   space 5120K, 0% used [0x00000000e2580000,0x00000000e2580000,0x00000000e2a80000)
 ParOldGen       total 87552K, used 8K [0x00000000a0000000, 0x00000000a5580000, 0x00000000e0000000)
  object space 87552K, 0% used [0x00000000a0000000,0x00000000a0002000,0x00000000a5580000)
 Metaspace       used 10845K, capacity 11080K, committed 11264K, reserved 1058816K
  class space    used 1421K, capacity 1518K, committed 1536K, reserved 1048576K
Event: 3.600 GC heap after
Heap after GC invocations=2 (full 0):
 PSYoungGen      total 38400K, used 5103K [0x00000000e0000000, 0x00000000e2a80000, 0x0000000100000000)
  eden space 33280K, 0% used [0x00000000e0000000,0x00000000e0000000,0x00000000e2080000)
  from space 5120K, 99% used [0x00000000e2580000,0x00000000e2a7bfc8,0x00000000e2a80000)
  to   space 5120K, 0% used [0x00000000e2080000,0x00000000e2080000,0x00000000e2580000)
 ParOldGen       total 87552K, used 182K [0x00000000a0000000, 0x00000000a5580000, 0x00000000e0000000)
  object space 87552K, 0% used [0x00000000a0000000,0x00000000a002db60,0x00000000a5580000)
 Metaspace       used 10845K, capacity 11080K, committed 11264K, reserved 1058816K
  class space    used 1421K, capacity 1518K, committed 1536K, reserved 1048576K
}
Event: 4.168 GC heap before
{Heap before GC invocations=3 (full 0):
 PSYoungGen      total 38400K, used 38383K [0x00000000e0000000, 0x00000000e2a80000, 0x0000000100000000)
  eden space 33280K, 100% used [0x00000000e0000000,0x00000000e2080000,0x00000000e2080000)
  from space 5120K, 99% used [0x00000000e2580000,0x00000000e2a7bfc8,0x00000000e2a80000)
  to   space 5120K, 0% used [0x00000000e2080000,0x00000000e2080000,0x00000000e2580000)
 ParOldGen       total 87552K, used 182K [0x00000000a0000000, 0x00000000a5580000, 0x00000000e0000000)
  object space 87552K, 0% used [0x00000000a0000000,0x00000000a002db60,0x00000000a5580000)
 Metaspace       used 14183K, capacity 14512K, committed 14720K, reserved 1062912K
  class space    used 1982K, capacity 2122K, committed 2176K, reserved 1048576K
Event: 4.176 GC heap after
Heap after GC invocations=3 (full 0):
 PSYoungGen      total 38400K, used 5107K [0x00000000e0000000, 0x00000000e2a80000, 0x0000000100000000)
  eden space 33280K, 0% used [0x00000000e0000000,0x00000000e0000000,0x00000000e2080000)
  from space 5120K, 99% used [0x00000000e2080000,0x00000000e257ce78,0x00000000e2580000)
  to   space 5120K, 0% used [0x00000000e2580000,0x00000000e2580000,0x00000000e2a80000)
 ParOldGen       total 87552K, used 2102K [0x00000000a0000000, 0x00000000a5580000, 0x00000000e0000000)
  object space 87552K, 2% used [0x00000000a0000000,0x00000000a020d9b0,0x00000000a5580000)
 Metaspace       used 14183K, capacity 14512K, committed 14720K, reserved 1062912K
  class space    used 1982K, capacity 2122K, committed 2176K, reserved 1048576K
}

Deoptimization events (10 events):
Event: 2.481 Thread 0x000000000221e800 Uncommon trap: reason=bimorphic action=maybe_recompile pc=0x000000000276840c method=java.util.HashMap.putVal(ILjava/lang/Object;Ljava/lang/Object;ZZ)Ljava/lang/Object; @ 203
Event: 2.760 Thread 0x000000000221e800 Uncommon trap: reason=unstable_if action=reinterpret pc=0x00000000026ff8b8 method=java.io.WinNTFileSystem.normalize(Ljava/lang/String;)Ljava/lang/String; @ 128
Event: 2.760 Thread 0x000000000221e800 Uncommon trap: reason=unstable_if action=reinterpret pc=0x00000000027544b4 method=java.io.WinNTFileSystem.normalize(Ljava/lang/String;II)Ljava/lang/String; @ 90
Event: 3.662 Thread 0x00000000179cb000 Uncommon trap: reason=unstable_if action=reinterpret pc=0x00000000028371f0 method=java.util.concurrent.ConcurrentHashMap.putVal(Ljava/lang/Object;Ljava/lang/Object;Z)Ljava/lang/Object; @ 206
Event: 3.770 Thread 0x0000000018e86800 Uncommon trap: reason=bimorphic action=maybe_recompile pc=0x0000000002767564 method=java.util.HashMap.putVal(ILjava/lang/Object;Ljava/lang/Object;ZZ)Ljava/lang/Object; @ 253
Event: 3.770 Thread 0x0000000018e86800 Uncommon trap: reason=bimorphic action=maybe_recompile pc=0x0000000002767564 method=java.util.HashMap.putVal(ILjava/lang/Object;Ljava/lang/Object;ZZ)Ljava/lang/Object; @ 253
Event: 3.770 Thread 0x0000000018e86800 Uncommon trap: reason=bimorphic action=maybe_recompile pc=0x0000000002767564 method=java.util.HashMap.putVal(ILjava/lang/Object;Ljava/lang/Object;ZZ)Ljava/lang/Object; @ 253
Event: 4.028 Thread 0x0000000018e86800 Uncommon trap: reason=class_check action=maybe_recompile pc=0x00000000026c8704 method=java.util.regex.Matcher.match(II)Z @ 86
Event: 4.028 Thread 0x0000000018e86800 Uncommon trap: reason=class_check action=maybe_recompile pc=0x00000000026c8704 method=java.util.regex.Matcher.match(II)Z @ 86
Event: 4.110 Thread 0x0000000018e86800 Uncommon trap: reason=class_check action=maybe_recompile pc=0x00000000026991dc method=java.util.regex.Matcher.match(II)Z @ 86

Classes redefined (0 events):
No events

Internal exceptions (10 events):
Event: 3.681 Thread 0x00000000179cb000 Exception <a 'java/lang/NoSuchMethodError': <clinit>> (0x00000000e0298b78) thrown at [D:\src\AOSP-openjdk-cygwin\jdk8u\hotspot\src\share\vm\prims\jni.cpp, line 1613]
Event: 3.681 Thread 0x00000000179cb000 Exception <a 'java/lang/NoSuchMethodError': <clinit>> (0x00000000e02a1640) thrown at [D:\src\AOSP-openjdk-cygwin\jdk8u\hotspot\src\share\vm\prims\jni.cpp, line 1613]
Event: 3.683 Thread 0x00000000179cb000 Exception <a 'java/lang/NoSuchMethodError': <clinit>> (0x00000000e02b2cd0) thrown at [D:\src\AOSP-openjdk-cygwin\jdk8u\hotspot\src\share\vm\prims\jni.cpp, line 1613]
Event: 3.700 Thread 0x00000000179cb000 Exception <a 'java/lang/NoSuchMethodError': <clinit>> (0x00000000e032b9f8) thrown at [D:\src\AOSP-openjdk-cygwin\jdk8u\hotspot\src\share\vm\prims\jni.cpp, line 1613]
Event: 3.704 Thread 0x00000000179cb000 Exception <a 'java/lang/NoSuchMethodError': <clinit>> (0x00000000e03507d8) thrown at [D:\src\AOSP-openjdk-cygwin\jdk8u\hotspot\src\share\vm\prims\jni.cpp, line 1613]
Event: 3.710 Thread 0x00000000179cb000 Exception <a 'java/lang/NoSuchMethodError': <clinit>> (0x00000000e036b0a0) thrown at [D:\src\AOSP-openjdk-cygwin\jdk8u\hotspot\src\share\vm\prims\jni.cpp, line 1613]
Event: 3.713 Thread 0x00000000179cb000 Exception <a 'java/lang/NoSuchMethodError': <clinit>> (0x00000000e0376b18) thrown at [D:\src\AOSP-openjdk-cygwin\jdk8u\hotspot\src\share\vm\prims\jni.cpp, line 1613]
Event: 3.716 Thread 0x00000000179cb000 Exception <a 'java/lang/NoSuchMethodError': <clinit>> (0x00000000e039b6a0) thrown at [D:\src\AOSP-openjdk-cygwin\jdk8u\hotspot\src\share\vm\prims\jni.cpp, line 1613]
Event: 3.752 Thread 0x0000000018e86800 Exception <a 'java/lang/NoSuchMethodError': <clinit>> (0x00000000e04e22b0) thrown at [D:\src\AOSP-openjdk-cygwin\jdk8u\hotspot\src\share\vm\prims\jni.cpp, line 1613]
Event: 3.753 Thread 0x0000000018e86800 Exception <a 'java/lang/NoSuchMethodError': <clinit>> (0x00000000e04ea538) thrown at [D:\src\AOSP-openjdk-cygwin\jdk8u\hotspot\src\share\vm\prims\jni.cpp, line 1613]

Events (10 events):
Event: 4.206 loading class org/gradle/api/internal/changedetection/state/FileCollectionSnapshotBuilder
Event: 4.206 loading class org/gradle/api/internal/changedetection/state/FileCollectionSnapshotBuilder done
Event: 4.207 loading class org/gradle/api/internal/changedetection/state/DefaultClasspathSnapshotter
Event: 4.207 loading class org/gradle/api/internal/changedetection/state/DefaultClasspathSnapshotter done
Event: 4.208 loading class org/gradle/caching/internal/BuildCacheHasher
Event: 4.208 loading class org/gradle/caching/internal/BuildCacheHasher done
Event: 4.217 loading class org/gradle/api/internal/changedetection/state/CachingResourceHasher
Event: 4.217 loading class org/gradle/api/internal/changedetection/state/CachingResourceHasher done
Event: 4.228 loading class org/gradle/api/internal/changedetection/state/ResourceHasher
Event: 4.228 loading class org/gradle/api/internal/changedetection/state/ResourceHasher done


Dynamic libraries:
0x00007ff772330000 - 0x00007ff772361000 	C:\Program Files\Android\Android Studio\jre\bin\java.exe
0x00007ff805e90000 - 0x00007ff806071000 	C:\WINDOWS\SYSTEM32\ntdll.dll
0x00007ff805440000 - 0x00007ff8054f2000 	C:\WINDOWS\System32\KERNEL32.DLL
0x00007ff802520000 - 0x00007ff802793000 	C:\WINDOWS\System32\KERNELBASE.dll
0x00007ff804dc0000 - 0x00007ff804e61000 	C:\WINDOWS\System32\ADVAPI32.dll
0x00007ff805bf0000 - 0x00007ff805c8e000 	C:\WINDOWS\System32\msvcrt.dll
0x00007ff805950000 - 0x00007ff8059ab000 	C:\WINDOWS\System32\sechost.dll
0x00007ff805290000 - 0x00007ff8053b4000 	C:\WINDOWS\System32\RPCRT4.dll
0x00007ff8037f0000 - 0x00007ff803980000 	C:\WINDOWS\System32\USER32.dll
0x00007ff8027a0000 - 0x00007ff8027c0000 	C:\WINDOWS\System32\win32u.dll
0x00007ff805c90000 - 0x00007ff805cb8000 	C:\WINDOWS\System32\GDI32.dll
0x00007ff802860000 - 0x00007ff8029f2000 	C:\WINDOWS\System32\gdi32full.dll
0x00007ff8027c0000 - 0x00007ff80285f000 	C:\WINDOWS\System32\msvcp_win.dll
0x00007ff803220000 - 0x00007ff80331a000 	C:\WINDOWS\System32\ucrtbase.dll
0x00007fffec8c0000 - 0x00007fffecb29000 	C:\WINDOWS\WinSxS\amd64_microsoft.windows.common-controls_6595b64144ccf1df_6.0.17134.345_none_fb429a5930656358\COMCTL32.dll
0x00007ff803490000 - 0x00007ff8037b3000 	C:\WINDOWS\System32\combase.dll
0x00007ff802260000 - 0x00007ff8022da000 	C:\WINDOWS\System32\bcryptPrimitives.dll
0x00007ff8037c0000 - 0x00007ff8037ed000 	C:\WINDOWS\System32\IMM32.DLL
0x000000006e0b0000 - 0x000000006e182000 	C:\Program Files\Android\Android Studio\jre\jre\bin\msvcr100.dll
0x000000006cf20000 - 0x000000006d761000 	C:\Program Files\Android\Android Studio\jre\jre\bin\server\jvm.dll
0x00007ff805b30000 - 0x00007ff805b38000 	C:\WINDOWS\System32\PSAPI.DLL
0x00007ff800400000 - 0x00007ff800409000 	C:\WINDOWS\SYSTEM32\WSOCK32.dll
0x00007ff805040000 - 0x00007ff8050ac000 	C:\WINDOWS\System32\WS2_32.dll
0x00007ffffc2c0000 - 0x00007ffffc2e3000 	C:\WINDOWS\SYSTEM32\WINMM.dll
0x00007ffff9010000 - 0x00007ffff901a000 	C:\WINDOWS\SYSTEM32\VERSION.dll
0x00007ffffc290000 - 0x00007ffffc2ba000 	C:\WINDOWS\SYSTEM32\WINMMBASE.dll
0x00007ff8024d0000 - 0x00007ff802519000 	C:\WINDOWS\System32\cfgmgr32.dll
0x00007ffffe160000 - 0x00007ffffe16f000 	C:\Program Files\Android\Android Studio\jre\jre\bin\verify.dll
0x00007ffff8d40000 - 0x00007ffff8d69000 	C:\Program Files\Android\Android Studio\jre\jre\bin\java.dll
0x00007fffee5c0000 - 0x00007fffee5d6000 	C:\Program Files\Android\Android Studio\jre\jre\bin\zip.dll
0x00007ff803980000 - 0x00007ff804dbf000 	C:\WINDOWS\System32\SHELL32.dll
0x00007ff805b40000 - 0x00007ff805be9000 	C:\WINDOWS\System32\shcore.dll
0x00007ff802a60000 - 0x00007ff80316d000 	C:\WINDOWS\System32\windows.storage.dll
0x00007ff804fe0000 - 0x00007ff805031000 	C:\WINDOWS\System32\shlwapi.dll
0x00007ff802220000 - 0x00007ff802231000 	C:\WINDOWS\System32\kernel.appcore.dll
0x00007ff802240000 - 0x00007ff80225f000 	C:\WINDOWS\System32\profapi.dll
0x00007ff8021c0000 - 0x00007ff80220c000 	C:\WINDOWS\System32\powrprof.dll
0x00007ff802210000 - 0x00007ff80221a000 	C:\WINDOWS\System32\FLTLIB.DLL
0x00007fffee5a0000 - 0x00007fffee5ba000 	C:\Program Files\Android\Android Studio\jre\jre\bin\net.dll
0x00007ff801a20000 - 0x00007ff801a86000 	C:\WINDOWS\system32\mswsock.dll
0x00007fffee520000 - 0x00007fffee531000 	C:\Program Files\Android\Android Studio\jre\jre\bin\nio.dll
0x00007fffdf760000 - 0x00007fffdf77e000 	C:\Users\omarn\.gradle\native\25\windows-amd64\native-platform.dll
0x00007ffffe150000 - 0x00007ffffe15d000 	C:\Program Files\Android\Android Studio\jre\jre\bin\management.dll
0x00007ff801bd0000 - 0x00007ff801be7000 	C:\WINDOWS\SYSTEM32\CRYPTSP.dll
0x00007ff801600000 - 0x00007ff801633000 	C:\WINDOWS\system32\rsaenh.dll
0x00007ff801d00000 - 0x00007ff801d25000 	C:\WINDOWS\SYSTEM32\bcrypt.dll
0x00007ff8020d0000 - 0x00007ff8020f8000 	C:\WINDOWS\SYSTEM32\USERENV.dll
0x00007ff801bf0000 - 0x00007ff801bfb000 	C:\WINDOWS\SYSTEM32\CRYPTBASE.dll
0x00007ff8017a0000 - 0x00007ff8017d8000 	C:\WINDOWS\SYSTEM32\IPHLPAPI.DLL
0x00007ff804fd0000 - 0x00007ff804fd8000 	C:\WINDOWS\System32\NSI.dll
0x00007ffffecd0000 - 0x00007ffffece6000 	C:\WINDOWS\SYSTEM32\dhcpcsvc6.DLL
0x00007ffffecb0000 - 0x00007ffffecca000 	C:\WINDOWS\SYSTEM32\dhcpcsvc.DLL

VM Arguments:
jvm_args: -Xmx1536m -Dfile.encoding=windows-1252 -Duser.country=US -Duser.language=en -Duser.variant 
java_command: org.gradle.launcher.daemon.bootstrap.GradleDaemon 4.6
java_class_path (initial): C:\Users\omarn\.gradle\wrapper\dists\gradle-4.6-all\bcst21l2brirad8k2ben1letg\gradle-4.6\lib\gradle-launcher-4.6.jar
Launcher Type: SUN_STANDARD

Environment Variables:
JAVA_HOME=C:\Program Files\Java\jdk
PATH=C:\Program Files (x86)\Common Files\Oracle\Java\javapath;C:\ProgramData\Oracle\Java\javapath;C:\Program Files (x86)\Embarcadero\Studio\18.0\bin;C:\Users\Public\Documents\Embarcadero\Studio\18.0\Bpl;C:\Program Files (x86)\Embarcadero\Studio\18.0\bin64;C:\Users\Public\Documents\Embarcadero\Studio\18.0\Bpl\Win64;F:\app\client\omarn\product\12.1.0\client_1;F:\app\client\omarn\product\12.1.0\client_1\bin;C:\Program Files (x86)\Embarcadero\RAD Studio\10.0\bin;C:\Users\Public\Documents\RAD Studio\10.0\Bpl;C:\Program Files (x86)\Embarcadero\RAD Studio\10.0\bin64;C:\Users\Public\Documents\RAD Studio\10.0\Bpl\Win64;C:\Program Files (x86)\Common Files\Intel\Shared Files\cpp\bin\Intel64;C:\oraclexe\app\oracle\product\11.2.0\server\bin;C:\WINDOWS\system32;C:\WINDOWS;C:\WINDOWS\System32\Wbem;C:\WINDOWS\System32\WindowsPowerShell\v1.0\;C:\Program Files\Microsoft SQL Server\120\Tools\Binn\;C:\Program Files (x86)\Microsoft SQL Server\Client SDK\ODBC\110\Tools\Binn\;C:\Program Files (x86)\Microsoft SQL Server\120\Tools\Binn\;C:\Program Files (x86)\Microsoft SQL Server\120\DTS\Binn\;C:\Program Files (x86)\Microsoft SQL Server\120\Tools\Binn\ManagementStudio\;C:\Program Files (x86)\Microsoft SQL Server\90\Tools\binn\;C:\Users\omarn\.dnx\bin;C:\Program Files\Microsoft DNX\Dnvm\;C:\Program Files\Microsoft SQL Server\130\Tools\Binn\;C:\WINDOWS\System32\OpenSSH\;C:\Program Files (x86)\Microsoft SQL Server\110\DTS\Binn\;C:\Program Files (x86)\Microsoft SQL Server\130\DTS\Binn\;C:\Program Files (x86)\Microsoft SQL Server\140\DTS\Binn\;C:\Program Files\Java\jdk\bin;C:\Program Files\Java\jre\bin;C:\Program Files (x86)\PuTTY\;C:\Program Files\Microsoft VS Code\bin;C:\Program Files\Git\cmd;C:\Program Files (x86)\Brackets\command;C:\Program Files (x86)\Firebird\Firebird_2_5\bin\;C:\Users\omarn\AppData\Local\Microsoft\WindowsApps;
USERNAME=omarn
OS=Windows_NT
PROCESSOR_IDENTIFIER=Intel64 Family 6 Model 69 Stepping 1, GenuineIntel



---------------  S Y S T E M  ---------------

OS: Windows 10.0 , 64 bit Build 17134 (10.0.17134.1)

CPU:total 4 (initial active 4) (2 cores per cpu, 2 threads per core) family 6 model 69 stepping 1, cmov, cx8, fxsr, mmx, sse, sse2, sse3, ssse3, sse4.1, sse4.2, popcnt, avx, avx2, aes, clmul, erms, lzcnt, ht, tsc, tscinvbit, bmi1, bmi2

Memory: 4k page, physical 8291392k(1041768k free), swap 8291392k(1720k free)

vm_info: OpenJDK 64-Bit Server VM (25.152-b06) for windows-amd64 JRE (1.8.0_152-release-1136-b06), built by "builder" with MS VC++ 10.0 (VS2010)

time: Thu Nov 08 04:09:15 2018
elapsed time: 4 seconds (0d 0h 0m 4s)

